MyApplication/app/build/intermediates/manifest_merge_blame_file/debug/manifest-merger-blame-debug-report.txt
1<?xml version="1.0" encoding="utf-8"?>
2<manifest xmlns:android="http://schemas.android.com/apk/res/android"
3    package="com.example.myapplication"
4    android:versionCode="1"
5    android:versionName="1.0" >
6
7    <uses-sdk
8        android:minSdkVersion="19"
8-->src\main\AndroidManifest.xml
9        android:targetSdkVersion="29" />
9-->src\main\AndroidManifest.xml
10
11    <uses-permission android:name="android.permission.INTERNET" />
11-->src\main\AndroidManifest.xml:6:5-67
11-->src\main\AndroidManifest.xml:6:22-64
12    <uses-permission android:name="android.permission.SEND_SMS" />
12-->src\main\AndroidManifest.xml:7:5-67
12-->src\main\AndroidManifest.xml:7:22-64
13    <uses-permission android:name="android.permission.WRITE_EXTERNAL_STORAGE" />
13-->src\main\AndroidManifest.xml:8:5-81
13-->src\main\AndroidManifest.xml:8:22-78
14    <uses-permission android:name="android.permission.READ_EXTERNAL_STORAGE" />
14-->src\main\AndroidManifest.xml:9:5-80
14-->src\main\AndroidManifest.xml:9:22-77
15
16    <!-- Although the *SdkVersion is captured in gradle build files, this is required for non gradle builds -->
17    <!-- <uses-sdk android:minSdkVersion="14"/> -->
18    <uses-permission android:name="android.permission.ACCESS_NETWORK_STATE" />
18-->[com.google.firebase:firebase-database:19.5.1] AndroidManifest.xml:25:5-79
18-->[com.google.firebase:firebase-database:19.5.1] AndroidManifest.xml:25:22-76
19    <uses-permission android:name="android.permission.WAKE_LOCK" />
19-->[com.google.android.gms:play-services-measurement:17.6.0] AndroidManifest.xml:25:5-68
19-->[com.google.android.gms:play-services-measurement:17.6.0] AndroidManifest.xml:25:22-65
20    <uses-permission android:name="com.google.android.finsky.permission.BIND_GET_INSTALL_REFERRER_SERVICE" />
20-->[com.google.android.gms:play-services-measurement:17.6.0] AndroidManifest.xml:26:5-110
20-->[com.google.android.gms:play-services-measurement:17.6.0] AndroidManifest.xml:26:22-107
21
22    <application
22-->src\main\AndroidManifest.xml:13:5-63:19
23        android:allowBackup="true"
23-->src\main\AndroidManifest.xml:14:9-35
24        android:appComponentFactory="androidx.core.app.CoreComponentFactory"
24-->[androidx.core:core:1.3.1] AndroidManifest.xml:24:18-86
25        android:debuggable="true"
26        android:icon="@mipmap/ic_launcher"
26-->src\main\AndroidManifest.xml:15:9-43
27        android:label="@string/app_name"
27-->src\main\AndroidManifest.xml:16:9-41
28        android:roundIcon="@mipmap/ic_launcher_round"
28-->src\main\AndroidManifest.xml:17:9-54
29        android:supportsRtl="true"
29-->src\main\AndroidManifest.xml:18:9-35
30        android:testOnly="true"
31        android:theme="@style/AppTheme" >
31-->src\main\AndroidManifest.xml:19:9-40
32        <activity android:name="com.example.myapplication.AddImg" />
32-->src\main\AndroidManifest.xml:20:9-53
32-->src\main\AndroidManifest.xml:20:19-41
33        <activity android:name="com.example.myapplication.AddItem" />
33-->src\main\AndroidManifest.xml:21:9-45
33-->src\main\AndroidManifest.xml:21:19-42
34        <activity android:name="com.example.myapplication.Inventory" />
34-->src\main\AndroidManifest.xml:22:9-47
34-->src\main\AndroidManifest.xml:22:19-44
35        <activity android:name="com.example.myapplication.Profile2" />
35-->src\main\AndroidManifest.xml:23:9-46
35-->src\main\AndroidManifest.xml:23:19-43
36        <activity android:name="com.example.myapplication.Profile1" />
36-->src\main\AndroidManifest.xml:24:9-46
36-->src\main\AndroidManifest.xml:24:19-43
37        <activity android:name="com.example.myapplication.CreateEvent" />
37-->src\main\AndroidManifest.xml:25:9-49
37-->src\main\AndroidManifest.xml:25:19-46
38        <activity android:name="com.example.myapplication.Reminder" />
38-->src\main\AndroidManifest.xml:26:9-46
38-->src\main\AndroidManifest.xml:26:19-43
39        <activity android:name="com.example.myapplication.Dashboard" />
39-->src\main\AndroidManifest.xml:27:9-47
39-->src\main\AndroidManifest.xml:27:19-44
40        <activity android:name="com.example.myapplication.VerifyNumber" />
40-->src\main\AndroidManifest.xml:28:9-50
40-->src\main\AndroidManifest.xml:28:19-47
41        <activity android:name="com.example.myapplication.Title" >
41-->src\main\AndroidManifest.xml:29:9-35:20
41-->src\main\AndroidManifest.xml:29:19-40
42            <intent-filter>
42-->src\main\AndroidManifest.xml:30:13-34:29
43                <action android:name="android.intent.action.MAIN" />
43-->src\main\AndroidManifest.xml:31:17-69
43-->src\main\AndroidManifest.xml:31:25-66
44
45                <category android:name="android.intent.category.LAUNCHER" />
45-->src\main\AndroidManifest.xml:33:17-77
45-->src\main\AndroidManifest.xml:33:27-74
46            </intent-filter>
47        </activity>
48        <activity android:name="com.example.myapplication.Login" />
48-->src\main\AndroidManifest.xml:36:9-43
48-->src\main\AndroidManifest.xml:36:19-40
49        <activity android:name="com.example.myapplication.Register" />
49-->src\main\AndroidManifest.xml:37:9-46
49-->src\main\AndroidManifest.xml:37:19-43
50        <activity android:name="com.example.myapplication.MainActivity" >
50-->src\main\AndroidManifest.xml:38:9-44:20
50-->src\main\AndroidManifest.xml:38:19-47
51            <intent-filter>
51-->src\main\AndroidManifest.xml:30:13-34:29
52                <action android:name="android.intent.action.MAIN" />
52-->src\main\AndroidManifest.xml:31:17-69
52-->src\main\AndroidManifest.xml:31:25-66
53
54                <category android:name="android.intent.category.LAUNCHER" />
54-->src\main\AndroidManifest.xml:33:17-77
54-->src\main\AndroidManifest.xml:33:27-74
55            </intent-filter>
56        </activity>
57
58        <receiver
58-->src\main\AndroidManifest.xml:46:9-48:38
59            android:name="com.example.myapplication.ReminderBroadcast"
59-->src\main\AndroidManifest.xml:47:13-46
60            android:enabled="true" />
60-->src\main\AndroidManifest.xml:48:13-35
61        <receiver
61-->src\main\AndroidManifest.xml:49:9-57:20
62            android:name="com.example.myapplication.BootUpReceiver"
62-->src\main\AndroidManifest.xml:50:13-43
63            android:enabled="true" >
63-->src\main\AndroidManifest.xml:51:13-35
64            <intent-filter>
64-->src\main\AndroidManifest.xml:52:13-56:29
65                <action android:name="android.intent.action.BOOT_COMPLETED" />
65-->src\main\AndroidManifest.xml:53:17-79
65-->src\main\AndroidManifest.xml:53:25-76
66
67                <category android:name="android.intent.category.DEFAULT" />
67-->src\main\AndroidManifest.xml:55:17-76
67-->src\main\AndroidManifest.xml:55:27-73
68            </intent-filter>
69        </receiver>
70        <receiver android:name="com.example.myapplication.AlarmBrodcast" />
70-->src\main\AndroidManifest.xml:58:9-51
70-->src\main\AndroidManifest.xml:58:19-48
71
72        <meta-data
72-->src\main\AndroidManifest.xml:60:9-62:57
73            android:name="preloaded_fonts"
73-->src\main\AndroidManifest.xml:61:13-43
74            android:resource="@array/preloaded_fonts" />
74-->src\main\AndroidManifest.xml:62:13-54
75
76        <activity
76-->[com.google.firebase:firebase-auth:19.4.0] AndroidManifest.xml:24:9-31:50
77            android:name="com.google.firebase.auth.internal.FederatedSignInActivity"
77-->[com.google.firebase:firebase-auth:19.4.0] AndroidManifest.xml:25:13-85
78            android:excludeFromRecents="true"
78-->[com.google.firebase:firebase-auth:19.4.0] AndroidManifest.xml:26:13-46
79            android:exported="true"
79-->[com.google.firebase:firebase-auth:19.4.0] AndroidManifest.xml:27:13-36
80            android:launchMode="singleTask"
80-->[com.google.firebase:firebase-auth:19.4.0] AndroidManifest.xml:28:13-44
81            android:permission="com.google.firebase.auth.api.gms.permission.LAUNCH_FEDERATED_SIGN_IN"
81-->[com.google.firebase:firebase-auth:19.4.0] AndroidManifest.xml:29:13-102
82            android:theme="@android:style/Theme.Translucent.NoTitleBar" />
82-->[com.google.firebase:firebase-auth:19.4.0] AndroidManifest.xml:30:13-72
83
84        <service
84-->[com.google.firebase:firebase-auth:19.4.0] AndroidManifest.xml:33:9-39:19
85            android:name="com.google.firebase.components.ComponentDiscoveryService"
85-->[com.google.firebase:firebase-auth:19.4.0] AndroidManifest.xml:34:13-84
86            android:directBootAware="true"
86-->[com.google.firebase:firebase-common:19.3.1] AndroidManifest.xml:35:13-43
87            android:exported="false" >
87-->[com.google.firebase:firebase-auth:19.4.0] AndroidManifest.xml:35:13-37
88            <meta-data
88-->[com.google.firebase:firebase-auth:19.4.0] AndroidManifest.xml:36:13-38:85
89                android:name="com.google.firebase.components:com.google.firebase.auth.FirebaseAuthRegistrar"
89-->[com.google.firebase:firebase-auth:19.4.0] AndroidManifest.xml:37:17-109
90                android:value="com.google.firebase.components.ComponentRegistrar" />
90-->[com.google.firebase:firebase-auth:19.4.0] AndroidManifest.xml:38:17-82
91            <meta-data
91-->[com.google.firebase:firebase-database:19.5.1] AndroidManifest.xml:32:13-34:85
92                android:name="com.google.firebase.components:com.google.firebase.database.DatabaseRegistrar"
92-->[com.google.firebase:firebase-database:19.5.1] AndroidManifest.xml:33:17-109
93                android:value="com.google.firebase.components.ComponentRegistrar" />
93-->[com.google.firebase:firebase-database:19.5.1] AndroidManifest.xml:34:17-82
94            <meta-data
94-->[com.google.android.gms:play-services-measurement-api:17.6.0] AndroidManifest.xml:30:13-32:85
95                android:name="com.google.firebase.components:com.google.firebase.analytics.connector.internal.AnalyticsConnectorRegistrar"
95-->[com.google.android.gms:play-services-measurement-api:17.6.0] AndroidManifest.xml:31:17-139
96                android:value="com.google.firebase.components.ComponentRegistrar" />
96-->[com.google.android.gms:play-services-measurement-api:17.6.0] AndroidManifest.xml:32:17-82
97            <meta-data
97-->[com.google.firebase:firebase-installations:16.3.2] AndroidManifest.xml:17:13-19:85
98                android:name="com.google.firebase.components:com.google.firebase.installations.FirebaseInstallationsRegistrar"
98-->[com.google.firebase:firebase-installations:16.3.2] AndroidManifest.xml:18:17-127
99                android:value="com.google.firebase.components.ComponentRegistrar" />
99-->[com.google.firebase:firebase-installations:16.3.2] AndroidManifest.xml:19:17-82
100        </service>
101
102        <activity
102-->[com.google.android.gms:play-services-auth:18.1.0] AndroidManifest.xml:23:9-27:75
103            android:name="com.google.android.gms.auth.api.signin.internal.SignInHubActivity"
103-->[com.google.android.gms:play-services-auth:18.1.0] AndroidManifest.xml:24:13-93
104            android:excludeFromRecents="true"
104-->[com.google.android.gms:play-services-auth:18.1.0] AndroidManifest.xml:25:13-46
105            android:exported="false"
105-->[com.google.android.gms:play-services-auth:18.1.0] AndroidManifest.xml:26:13-37
106            android:theme="@android:style/Theme.Translucent.NoTitleBar" />
106-->[com.google.android.gms:play-services-auth:18.1.0] AndroidManifest.xml:27:13-72
107        <!--
108            Service handling Google Sign-In user revocation. For apps that do not integrate with
109            Google Sign-In, this service will never be started.
110        -->
111        <service
111-->[com.google.android.gms:play-services-auth:18.1.0] AndroidManifest.xml:33:9-37:51
112            android:name="com.google.android.gms.auth.api.signin.RevocationBoundService"
112-->[com.google.android.gms:play-services-auth:18.1.0] AndroidManifest.xml:34:13-89
113            android:exported="true"
113-->[com.google.android.gms:play-services-auth:18.1.0] AndroidManifest.xml:35:13-36
114            android:permission="com.google.android.gms.auth.api.signin.permission.REVOCATION_NOTIFICATION"
114-->[com.google.android.gms:play-services-auth:18.1.0] AndroidManifest.xml:36:13-107
115            android:visibleToInstantApps="true" />
115-->[com.google.android.gms:play-services-auth:18.1.0] AndroidManifest.xml:37:13-48
116
117        <activity
117-->[com.google.android.gms:play-services-base:17.1.0] AndroidManifest.xml:23:9-26:75
118            android:name="com.google.android.gms.common.api.GoogleApiActivity"
118-->[com.google.android.gms:play-services-base:17.1.0] AndroidManifest.xml:24:13-79
119            android:exported="false"
119-->[com.google.android.gms:play-services-base:17.1.0] AndroidManifest.xml:25:13-37
120            android:theme="@android:style/Theme.Translucent.NoTitleBar" />
120-->[com.google.android.gms:play-services-base:17.1.0] AndroidManifest.xml:26:13-72
121
122        <receiver
122-->[com.google.android.gms:play-services-measurement:17.6.0] AndroidManifest.xml:29:9-33:20
123            android:name="com.google.android.gms.measurement.AppMeasurementReceiver"
123-->[com.google.android.gms:play-services-measurement:17.6.0] AndroidManifest.xml:30:13-85
124            android:enabled="true"
124-->[com.google.android.gms:play-services-measurement:17.6.0] AndroidManifest.xml:31:13-35
125            android:exported="false" >
125-->[com.google.android.gms:play-services-measurement:17.6.0] AndroidManifest.xml:32:13-37
126        </receiver>
127
128        <service
128-->[com.google.android.gms:play-services-measurement:17.6.0] AndroidManifest.xml:35:9-38:40
129            android:name="com.google.android.gms.measurement.AppMeasurementService"
129-->[com.google.android.gms:play-services-measurement:17.6.0] AndroidManifest.xml:36:13-84
130            android:enabled="true"
130-->[com.google.android.gms:play-services-measurement:17.6.0] AndroidManifest.xml:37:13-35
131            android:exported="false" />
131-->[com.google.android.gms:play-services-measurement:17.6.0] AndroidManifest.xml:38:13-37
132        <service
132-->[com.google.android.gms:play-services-measurement:17.6.0] AndroidManifest.xml:39:9-43:72
133            android:name="com.google.android.gms.measurement.AppMeasurementJobService"
133-->[com.google.android.gms:play-services-measurement:17.6.0] AndroidManifest.xml:40:13-87
134            android:enabled="true"
134-->[com.google.android.gms:play-services-measurement:17.6.0] AndroidManifest.xml:41:13-35
135            android:exported="false"
135-->[com.google.android.gms:play-services-measurement:17.6.0] AndroidManifest.xml:42:13-37
136            android:permission="android.permission.BIND_JOB_SERVICE" />
136-->[com.google.android.gms:play-services-measurement:17.6.0] AndroidManifest.xml:43:13-69
137
138        <provider
138-->[com.google.firebase:firebase-common:19.3.1] AndroidManifest.xml:26:9-31:39
139            android:name="com.google.firebase.provider.FirebaseInitProvider"
139-->[com.google.firebase:firebase-common:19.3.1] AndroidManifest.xml:27:13-77
140            android:authorities="com.example.myapplication.firebaseinitprovider"
140-->[com.google.firebase:firebase-common:19.3.1] AndroidManifest.xml:28:13-72
141            android:directBootAware="true"
141-->[com.google.firebase:firebase-common:19.3.1] AndroidManifest.xml:29:13-43
142            android:exported="false"
142-->[com.google.firebase:firebase-common:19.3.1] AndroidManifest.xml:30:13-37
143            android:initOrder="100" />
143-->[com.google.firebase:firebase-common:19.3.1] AndroidManifest.xml:31:13-36
144
145        <meta-data
145-->[com.google.android.gms:play-services-basement:17.1.1] AndroidManifest.xml:23:9-25:69
146            android:name="com.google.android.gms.version"
146-->[com.google.android.gms:play-services-basement:17.1.1] AndroidManifest.xml:24:13-58
147            android:value="@integer/google_play_services_version" />
147-->[com.google.android.gms:play-services-basement:17.1.1] AndroidManifest.xml:25:13-66
148
149        <service
149-->[androidx.room:room-runtime:2.2.5] AndroidManifest.xml:25:9-28:40
150            android:name="androidx.room.MultiInstanceInvalidationService"
150-->[androidx.room:room-runtime:2.2.5] AndroidManifest.xml:26:13-74
151            android:directBootAware="true"
151-->[androidx.room:room-runtime:2.2.5] AndroidManifest.xml:27:13-43
152            android:exported="false" />
152-->[androidx.room:room-runtime:2.2.5] AndroidManifest.xml:28:13-37
153    </application>
154
155</manifest>